<?xml version="1.0" encoding="UTF-8"?>
<!-- Generated by org.testng.reporters.JUnitReportReporter -->
<testsuite hostname="DESKTOP-2EFMKDR" failures="0" tests="1" name="com.vtiger.organizationTest.CreateOraganizationTest" time="31.934" errors="0" timestamp="2022-09-10T19:03:29 IST" skipped="0">
  <testcase classname="com.vtiger.organizationTest.CreateOraganizationTest" name="createOraganizationTest" time="31.934"/>
  <system-out/>
</testsuite> <!-- com.vtiger.organizationTest.CreateOraganizationTest -->
