<?xml version="1.0" encoding="UTF-8"?>
<!-- Generated by org.testng.reporters.JUnitReportReporter -->
<testsuite hostname="DESKTOP-FD4QRKI" failures="0" tests="1" name="com.vtiger.practice.TestNGAnnotationTest" time="0.010" errors="0" timestamp="2022-05-16T18:04:01 IST" skipped="0">
  <testcase classname="com.vtiger.practice.TestNGAnnotationTest" name="result" time="0.010"/>
  <system-out/>
</testsuite> <!-- com.vtiger.practice.TestNGAnnotationTest -->
