<?xml version="1.0" encoding="UTF-8"?>
<!-- Generated by org.testng.reporters.JUnitReportReporter -->
<testsuite hostname="LavaKumar" failures="0" tests="1" name="com.vtiger.documentTest.CreateDocumentTest" time="20.699" errors="0" timestamp="2022-11-09T21:44:42 IST" skipped="0">
  <testcase classname="com.vtiger.documentTest.CreateDocumentTest" name="createDocumentTest" time="20.699"/>
  <system-out/>
</testsuite> <!-- com.vtiger.documentTest.CreateDocumentTest -->
