<?xml version="1.0" encoding="UTF-8"?>
<!-- Generated by org.testng.reporters.JUnitReportReporter -->
<testsuite hostname="DESKTOP-FD4QRKI" failures="0" tests="1" name="com.vtiger.productTest.CreateProductTest" time="27.782" errors="0" timestamp="2022-05-20T15:56:56 IST" skipped="0">
  <testcase classname="com.vtiger.productTest.CreateProductTest" name="createProductTest" time="27.782"/>
  <system-out/>
</testsuite> <!-- com.vtiger.productTest.CreateProductTest -->
